<?xml version="1.0" encoding="UTF-8"?>
<!-- Generated by org.testng.reporters.JUnitReportReporter -->
<testsuite hostname="LAPTOP-H91286KS" failures="0" tests="3" name="testcases.LoginTest" time="6.707" errors="0" timestamp="07 Aug 2024 11:04:32 GMT" skipped="0">
  <testcase classname="testcases.LoginTest" name="TC01_LoginSuccessTest" time="2.665"/>
  <testcase classname="testcases.LoginTest" name="TC03_LockedUserTest" time="1.837"/>
  <testcase classname="testcases.LoginTest" name="TC02_LoginFailureTest" time="2.205"/>
</testsuite> <!-- testcases.LoginTest -->
