<?xml version="1.0" encoding="UTF-8"?>
<!-- Generated by org.testng.reporters.JUnitReportReporter -->
<testsuite hostname="LAPTOP-H91286KS" failures="0" tests="1" name="testcases.HomePageTest" time="5.804" errors="0" timestamp="07 Aug 2024 11:04:32 GMT" skipped="0">
  <testcase classname="testcases.HomePageTest" name="TC01_AddToCartTest" time="5.804"/>
</testsuite> <!-- testcases.HomePageTest -->
